2023-04-15 18:34:16.176 [info] Reading sessions from keychain...
2023-04-15 18:34:16.176 [info] Getting sessions for user:email...
2023-04-15 18:34:16.176 [info] Got 0 sessions for user:email...
2023-04-15 18:34:16.176 [info] Getting sessions for all scopes...
2023-04-15 18:34:16.176 [info] Got 0 sessions for ...
2023-04-15 18:34:19.887 [info] Getting sessions for read:user,repo,user:email,workflow...
2023-04-15 18:34:19.887 [info] Got 0 sessions for read:user,repo,user:email,workflow...
2023-04-15 18:34:21.170 [info] Getting sessions for all scopes...
2023-04-15 18:34:21.170 [info] Got 0 sessions for ...
2023-04-15 18:35:20.641 [info] Reading sessions from keychain...
2023-04-15 18:35:20.642 [info] Getting sessions for user:email...
2023-04-15 18:35:20.642 [info] Getting sessions for all scopes...
2023-04-15 18:35:20.642 [info] Got 0 sessions for user:email...
2023-04-15 18:35:20.642 [info] Got 0 sessions for ...
2023-04-15 18:35:20.673 [info] Getting sessions for all scopes...
2023-04-15 18:35:20.673 [info] Got 0 sessions for ...
2023-04-15 18:35:20.824 [info] Getting sessions for read:user,repo,user:email,workflow...
2023-04-15 18:35:20.824 [info] Got 0 sessions for read:user,repo,user:email,workflow...
2023-04-15 18:37:37.963 [info] Reading sessions from keychain...
2023-04-15 18:37:37.964 [info] Getting sessions for user:email...
2023-04-15 18:37:37.964 [info] Got 0 sessions for user:email...
2023-04-15 18:37:37.964 [info] Getting sessions for all scopes...
2023-04-15 18:37:37.964 [info] Got 0 sessions for ...
2023-04-15 18:37:38.639 [info] Getting sessions for read:user,repo,user:email,workflow...
2023-04-15 18:37:38.639 [info] Got 0 sessions for read:user,repo,user:email,workflow...
2023-04-15 18:37:38.987 [info] Getting sessions for all scopes...
2023-04-15 18:37:38.988 [info] Got 0 sessions for ...
