2023-04-15 18:34:11.759 [info] Added views:workbench.panel.markers.view in workbench.panel.markers
2023-04-15 18:34:11.759 [info] Added views:workbench.panel.output in workbench.panel.output
2023-04-15 18:34:11.759 [info] Added views:terminal in terminal
2023-04-15 18:34:11.759 [info] Added views:outline in workbench.view.explorer
2023-04-15 18:34:11.759 [info] Added views:workbench.scm in workbench.view.scm
2023-04-15 18:34:11.759 [info] Added views:workbench.view.search in workbench.view.search
2023-04-15 18:34:11.759 [info] Added views:timeline in workbench.view.explorer
2023-04-15 18:34:11.759 [info] Added views:workbench.explorer.emptyView in workbench.view.explorer
2023-04-15 18:34:11.759 [info] Added views:workbench.debug.variablesView,workbench.debug.watchExpressionsView,workbench.debug.callStackView,workbench.debug.breakPointsView in workbench.view.debug
2023-04-15 18:34:13.003 [info] Added views:bookmarksExplorer,bookmarksHelpAndFeedback in workbench.view.extension.bookmarks
2023-04-15 18:34:13.004 [info] Added views:atlascode.views.helpTreeView in workbench.view.extension.atlascode-drawer
2023-04-15 18:34:13.006 [info] Added views:stories-full in workbench.view.extension.stories-icon
2023-04-15 18:34:13.017 [info] Added views:storiesPanel in workbench.view.explorer
2023-04-15 18:34:13.018 [info] Added views:gitlens.views.home,gitlens.views.contributors in workbench.view.extension.gitlens
2023-04-15 18:34:13.018 [info] Added views:gitlens.views.commits,gitlens.views.commitDetails,gitlens.views.fileHistory,gitlens.views.branches,gitlens.views.remotes,gitlens.views.stashes,gitlens.views.tags,gitlens.views.searchAndCompare in workbench.view.scm
2023-04-15 18:34:13.018 [info] Added views:dockerContainers,dockerImages,dockerRegistries,dockerNetworks,dockerVolumes,vscode-docker.views.dockerContexts,vscode-docker.views.help in workbench.view.extension.dockerView
2023-04-15 18:34:13.018 [info] Added views:targetsContainers,devVolumes in workbench.view.remote
2023-04-15 18:34:13.503 [info] Added views:workbench.panel.repl.view in workbench.panel.repl
2023-04-15 18:34:13.507 [info] Removed views:workbench.debug.breakPointsView,workbench.debug.callStackView,workbench.debug.watchExpressionsView,workbench.debug.variablesView from workbench.view.debug
2023-04-15 18:34:13.509 [info] Added views:workbench.debug.welcome in workbench.view.debug
2023-04-15 18:34:17.812 [info] Added views:atlascode.views.jira.customJql in workbench.view.extension.atlascode-drawer
2023-04-15 18:34:18.037 [info] Added views:atlascode.views.bb.pullrequestsTreeView in workbench.view.extension.atlascode-drawer
2023-04-15 18:34:18.043 [info] Added views:workbench.panel.comments in workbench.panel.comments
2023-04-15 18:34:18.082 [info] Added views:liveshare.session in workbench.view.extension.liveshare
2023-04-15 18:34:21.180 [info] Removed views:gitlens.views.searchAndCompare,gitlens.views.tags,gitlens.views.stashes,gitlens.views.remotes,gitlens.views.branches,gitlens.views.fileHistory,gitlens.views.commitDetails,gitlens.views.commits from workbench.view.scm
2023-04-15 18:34:21.180 [info] Removed views:gitlens.views.contributors from workbench.view.extension.gitlens
2023-04-15 18:35:18.977 [info] Added views:workbench.panel.markers.view in workbench.panel.markers
2023-04-15 18:35:18.978 [info] Added views:workbench.panel.output in workbench.panel.output
2023-04-15 18:35:18.978 [info] Added views:terminal in terminal
2023-04-15 18:35:18.978 [info] Added views:outline in workbench.view.explorer
2023-04-15 18:35:18.978 [info] Added views:workbench.scm in workbench.view.scm
2023-04-15 18:35:18.978 [info] Added views:workbench.view.search in workbench.view.search
2023-04-15 18:35:18.978 [info] Added views:timeline in workbench.view.explorer
2023-04-15 18:35:18.978 [info] Added views:workbench.explorer.fileView in workbench.view.explorer
2023-04-15 18:35:18.978 [info] Added views:workbench.debug.variablesView,workbench.debug.watchExpressionsView,workbench.debug.callStackView,workbench.debug.breakPointsView in workbench.view.debug
2023-04-15 18:35:19.611 [info] Added views:bookmarksExplorer,bookmarksHelpAndFeedback in workbench.view.extension.bookmarks
2023-04-15 18:35:19.612 [info] Added views:gitlens.views.home,gitlens.views.contributors in workbench.view.extension.gitlens
2023-04-15 18:35:19.614 [info] Added views:gitlens.views.commits,gitlens.views.commitDetails,gitlens.views.fileHistory,gitlens.views.branches,gitlens.views.remotes,gitlens.views.stashes,gitlens.views.tags,gitlens.views.searchAndCompare in workbench.view.scm
2023-04-15 18:35:19.615 [info] Added views:dockerContainers,dockerImages,dockerRegistries,dockerNetworks,dockerVolumes,vscode-docker.views.dockerContexts,vscode-docker.views.help in workbench.view.extension.dockerView
2023-04-15 18:35:19.616 [info] Added views:targetsContainers,devVolumes in workbench.view.remote
2023-04-15 18:35:20.270 [info] Added views:workbench.panel.repl.view in workbench.panel.repl
2023-04-15 18:35:20.275 [info] Removed views:workbench.debug.breakPointsView,workbench.debug.callStackView,workbench.debug.watchExpressionsView,workbench.debug.variablesView from workbench.view.debug
2023-04-15 18:35:20.277 [info] Added views:workbench.debug.welcome in workbench.view.debug
2023-04-15 18:35:20.714 [info] Removed views:gitlens.views.searchAndCompare,gitlens.views.tags,gitlens.views.stashes,gitlens.views.remotes,gitlens.views.branches,gitlens.views.fileHistory,gitlens.views.commitDetails,gitlens.views.commits from workbench.view.scm
2023-04-15 18:35:20.714 [info] Removed views:gitlens.views.contributors from workbench.view.extension.gitlens
2023-04-15 18:35:20.775 [info] Added views:liveshare.session in workbench.view.extension.liveshare
2023-04-15 18:35:21.607 [info] Added views:atlascode.views.helpTreeView in workbench.view.extension.atlascode-drawer
2023-04-15 18:35:21.609 [info] Added views:stories-full in workbench.view.extension.stories-icon
2023-04-15 18:35:21.611 [info] Added views:storiesPanel in workbench.view.explorer
2023-04-15 18:35:22.464 [info] Added views:angular-schematics in workbench.view.extension.angular
2023-04-15 18:35:22.662 [info] Added views:atlascode.views.jira.customJql in workbench.view.extension.atlascode-drawer
2023-04-15 18:35:22.664 [info] Added views:atlascode.views.bb.pullrequestsTreeView in workbench.view.extension.atlascode-drawer
2023-04-15 18:35:22.669 [info] Added views:workbench.panel.comments in workbench.panel.comments
2023-04-15 18:37:34.637 [info] Added views:workbench.panel.markers.view in workbench.panel.markers
2023-04-15 18:37:34.638 [info] Added views:workbench.panel.output in workbench.panel.output
2023-04-15 18:37:34.638 [info] Added views:terminal in terminal
2023-04-15 18:37:34.638 [info] Added views:outline in workbench.view.explorer
2023-04-15 18:37:34.638 [info] Added views:workbench.scm in workbench.view.scm
2023-04-15 18:37:34.638 [info] Added views:workbench.view.search in workbench.view.search
2023-04-15 18:37:34.638 [info] Added views:timeline in workbench.view.explorer
2023-04-15 18:37:34.638 [info] Added views:workbench.explorer.fileView in workbench.view.explorer
2023-04-15 18:37:34.747 [info] Added views:workbench.debug.welcome in workbench.view.debug
2023-04-15 18:37:35.131 [info] Added views:bookmarksExplorer,bookmarksHelpAndFeedback in workbench.view.extension.bookmarks
2023-04-15 18:37:35.132 [info] Added views:atlascode.views.helpTreeView in workbench.view.extension.atlascode-drawer
2023-04-15 18:37:35.133 [info] Added views:stories-full in workbench.view.extension.stories-icon
2023-04-15 18:37:35.134 [info] Added views:storiesPanel in workbench.view.explorer
2023-04-15 18:37:35.147 [info] Added views:gitlens.views.home,gitlens.views.contributors in workbench.view.extension.gitlens
2023-04-15 18:37:35.149 [info] Added views:gitlens.views.commits,gitlens.views.commitDetails,gitlens.views.fileHistory,gitlens.views.branches,gitlens.views.remotes,gitlens.views.stashes,gitlens.views.tags,gitlens.views.searchAndCompare in workbench.view.scm
2023-04-15 18:37:35.150 [info] Added views:dockerContainers,dockerImages,dockerRegistries,dockerNetworks,dockerVolumes,vscode-docker.views.dockerContexts,vscode-docker.views.help in workbench.view.extension.dockerView
2023-04-15 18:37:35.151 [info] Added views:targetsContainers,devVolumes in workbench.view.remote
2023-04-15 18:37:35.893 [info] Added views:workbench.panel.repl.view in workbench.panel.repl
2023-04-15 18:37:37.863 [info] Added views:angular-schematics in workbench.view.extension.angular
2023-04-15 18:37:38.189 [info] Added views:liveshare.session in workbench.view.extension.liveshare
2023-04-15 18:37:38.217 [info] Added views:atlascode.views.jira.customJql in workbench.view.extension.atlascode-drawer
2023-04-15 18:37:38.221 [info] Added views:atlascode.views.bb.pullrequestsTreeView in workbench.view.extension.atlascode-drawer
2023-04-15 18:37:38.223 [info] Added views:workbench.panel.comments in workbench.panel.comments
2023-04-15 18:37:38.936 [info] Removed views:gitlens.views.searchAndCompare,gitlens.views.tags,gitlens.views.stashes,gitlens.views.remotes,gitlens.views.branches,gitlens.views.fileHistory,gitlens.views.commitDetails,gitlens.views.commits from workbench.view.scm
2023-04-15 18:37:38.937 [info] Removed views:gitlens.views.contributors from workbench.view.extension.gitlens
